2022-04-08 15:36:19:640  [TID       9608][INFO    ] Default Logger initialized [dmvcframework]
2022-04-08 15:36:19:640  [TID       9608][INFO    ] Server started on port 8081 [dmvcframework]
2022-04-08 16:17:36:789  [TID       7444][INFO    ] Default Logger initialized [dmvcframework]
2022-04-08 16:17:36:805  [TID       7444][INFO    ] Server started on port 8081 [dmvcframework]
2022-04-08 16:21:38:323  [TID       1220][INFO    ] ENTER: Config default values [dmvcframework]
2022-04-08 16:21:38:323  [TID       1220][INFO    ] EXIT: Config default values [dmvcframework]
2022-04-08 16:21:38:323  [TID       1220][INFO    ] >> Custom configuration method [dmvcframework]
2022-04-08 16:21:38:323  [TID       1220][INFO    ] << Custom configuration method [dmvcframework]
2022-04-08 16:21:38:324  [TID       1220][INFO    ] ENTER: LoadSystemControllers [dmvcframework]
2022-04-08 16:21:38:324  [TID       1220][INFO    ] EXIT: LoadSystemControllers [dmvcframework]
2022-04-08 16:21:38:325  [TID       1220][INFO    ] GET:/api/customers [0:0:0:0:0:0:0:1] -> Customer.Controller.TCustomer.GetCustomers - 200 OK [dmvcframework]
2022-04-08 16:21:54:232  [TID       1220][ERROR   ] [EMVCException] Invalid Integer value for param [id] - [CLASS: EConvertError][MSG: '' is not a valid integer value] [PathInfo "GET /api/customers/"] (Custom message: "") [dmvcframework]
2022-04-08 16:22:39:688  [TID       1220][INFO    ] GET:/api/ [0:0:0:0:0:0:0:1] -> {NOT FOUND} - 404 Not Found [dmvcframework]
2022-04-08 16:22:42:852  [TID       1220][ERROR   ] [EMVCException] Not Found [PathInfo "GET /api/"] (Custom message: "GET /api/") [dmvcframework]
2022-04-08 16:23:02:665  [TID       4456][INFO    ] GET:/api [0:0:0:0:0:0:0:1] -> Customer.Controller.TCustomer.Index - 200 OK [dmvcframework]
2022-04-08 16:57:32:418  [TID       6160][INFO    ] Default Logger initialized [dmvcframework]
2022-04-08 16:57:32:426  [TID       6160][INFO    ] Server started on port 8081 [dmvcframework]
2022-04-08 17:19:18:837  [TID       7468][INFO    ] Default Logger initialized [dmvcframework]
2022-04-08 17:19:18:852  [TID       7468][INFO    ] Server started on port 8081 [dmvcframework]
2022-04-08 17:21:25:965  [TID       3108][INFO    ] Default Logger initialized [dmvcframework]
2022-04-08 17:21:25:975  [TID       3108][INFO    ] Server started on port 8081 [dmvcframework]
2022-04-10 19:28:05:068  [TID       5736][INFO    ] Default Logger initialized [dmvcframework]
2022-04-10 19:28:05:097  [TID       5736][INFO    ] Server started on port 8081 [dmvcframework]
2022-04-10 19:36:31:021  [TID      22008][INFO    ] Default Logger initialized [dmvcframework]
2022-04-10 19:36:31:045  [TID      22008][INFO    ] Server started on port 8081 [dmvcframework]
2022-04-10 19:42:33:352  [TID      17612][INFO    ] Default Logger initialized [dmvcframework]
2022-04-10 19:42:33:375  [TID      17612][INFO    ] Server started on port 8081 [dmvcframework]
2022-04-10 19:49:38:464  [TID      12708][INFO    ] ENTER: Config default values [dmvcframework]
2022-04-10 19:49:38:464  [TID      12708][INFO    ] EXIT: Config default values [dmvcframework]
2022-04-10 19:49:38:464  [TID      12708][INFO    ] >> Custom configuration method [dmvcframework]
2022-04-10 19:49:38:464  [TID      12708][INFO    ] << Custom configuration method [dmvcframework]
2022-04-10 19:49:38:464  [TID      12708][INFO    ] ENTER: LoadSystemControllers [dmvcframework]
2022-04-10 19:49:38:464  [TID      12708][INFO    ] EXIT: LoadSystemControllers [dmvcframework]
2022-04-10 19:49:47:105  [TID      12708][ERROR   ] [ESQLiteNativeException] [FireDAC][Phys][SQLite] ERROR: unable to open database file (Custom message: "Cannot create controller") [dmvcframework]
2022-04-10 19:49:49:373  [TID      12708][ERROR   ] [EMVCException] Cannot create controller (Custom message: "") [dmvcframework]
2022-04-10 19:51:00:301  [TID      18252][INFO    ] Default Logger initialized [dmvcframework]
2022-04-10 19:51:00:301  [TID      18252][INFO    ] Server started on port 8081 [dmvcframework]
2022-04-10 19:51:03:448  [TID      13480][INFO    ] ENTER: Config default values [dmvcframework]
2022-04-10 19:51:03:448  [TID      13480][INFO    ] EXIT: Config default values [dmvcframework]
2022-04-10 19:51:03:448  [TID      13480][INFO    ] >> Custom configuration method [dmvcframework]
2022-04-10 19:51:03:448  [TID      13480][INFO    ] << Custom configuration method [dmvcframework]
2022-04-10 19:51:03:448  [TID      13480][INFO    ] ENTER: LoadSystemControllers [dmvcframework]
2022-04-10 19:51:03:448  [TID      13480][INFO    ] EXIT: LoadSystemControllers [dmvcframework]
2022-04-10 19:51:57:042  [TID      13480][ERROR   ] [ESQLiteNativeException] [FireDAC][Phys][SQLite] ERROR: unable to open database file (Custom message: "Cannot create controller") [dmvcframework]
2022-04-10 19:51:58:467  [TID      13480][ERROR   ] [EMVCException] Cannot create controller (Custom message: "") [dmvcframework]
2022-04-10 19:52:48:328  [TID       3372][INFO    ] Default Logger initialized [dmvcframework]
2022-04-10 19:52:48:362  [TID       3372][INFO    ] Server started on port 8081 [dmvcframework]
2022-04-10 19:52:59:519  [TID       1200][INFO    ] Default Logger initialized [dmvcframework]
2022-04-10 19:52:59:604  [TID       1200][INFO    ] Server started on port 8081 [dmvcframework]
2022-04-10 19:53:04:230  [TID       8184][INFO    ] ENTER: Config default values [dmvcframework]
2022-04-10 19:53:04:230  [TID       8184][INFO    ] EXIT: Config default values [dmvcframework]
2022-04-10 19:53:04:230  [TID       8184][INFO    ] >> Custom configuration method [dmvcframework]
2022-04-10 19:53:04:230  [TID       8184][INFO    ] << Custom configuration method [dmvcframework]
2022-04-10 19:53:04:230  [TID       8184][INFO    ] ENTER: LoadSystemControllers [dmvcframework]
2022-04-10 19:53:04:230  [TID       8184][INFO    ] EXIT: LoadSystemControllers [dmvcframework]
2022-04-10 19:53:11:361  [TID       8184][ERROR   ] [ESQLiteNativeException] [FireDAC][Phys][SQLite] ERROR: database disk image is malformed (Custom message: "Cannot create controller") [dmvcframework]
2022-04-10 19:53:14:566  [TID       8184][ERROR   ] [EMVCException] Cannot create controller (Custom message: "") [dmvcframework]
2022-04-10 20:03:37:337  [TID      17824][INFO    ] Default Logger initialized [dmvcframework]
2022-04-10 20:03:37:355  [TID      17824][INFO    ] Server started on port 8081 [dmvcframework]
2022-04-10 20:03:39:495  [TID       7144][INFO    ] ENTER: Config default values [dmvcframework]
2022-04-10 20:03:39:495  [TID       7144][INFO    ] EXIT: Config default values [dmvcframework]
2022-04-10 20:03:39:495  [TID       7144][INFO    ] >> Custom configuration method [dmvcframework]
2022-04-10 20:03:39:496  [TID       7144][INFO    ] << Custom configuration method [dmvcframework]
2022-04-10 20:03:39:496  [TID       7144][INFO    ] ENTER: LoadSystemControllers [dmvcframework]
2022-04-10 20:03:39:496  [TID       7144][INFO    ] EXIT: LoadSystemControllers [dmvcframework]
2022-04-10 20:03:51:114  [TID       7144][ERROR   ] [ESQLiteNativeException] [FireDAC][Phys][SQLite] ERROR: unable to open database file (Custom message: "Cannot create controller") [dmvcframework]
2022-04-10 20:03:51:982  [TID       7144][ERROR   ] [EMVCException] Cannot create controller (Custom message: "") [dmvcframework]
2022-04-10 20:03:59:481  [TID       7144][ERROR   ] [ESQLiteNativeException] [FireDAC][Phys][SQLite] ERROR: unable to open database file (Custom message: "Cannot create controller") [dmvcframework]
2022-04-10 20:04:02:073  [TID       7144][ERROR   ] [EMVCException] Cannot create controller (Custom message: "") [dmvcframework]
2022-04-10 20:04:24:324  [TID       7144][ERROR   ] [ESQLiteNativeException] [FireDAC][Phys][SQLite] ERROR: unable to open database file (Custom message: "Cannot create controller") [dmvcframework]
2022-04-10 20:04:26:279  [TID       7144][ERROR   ] [EMVCException] Cannot create controller (Custom message: "") [dmvcframework]
2022-04-10 20:04:58:930  [TID      14532][INFO    ] Default Logger initialized [dmvcframework]
2022-04-10 20:04:58:953  [TID      14532][INFO    ] Server started on port 8081 [dmvcframework]
2022-04-10 20:05:02:673  [TID      22340][INFO    ] ENTER: Config default values [dmvcframework]
2022-04-10 20:05:02:673  [TID      22340][INFO    ] EXIT: Config default values [dmvcframework]
2022-04-10 20:05:02:673  [TID      22340][INFO    ] >> Custom configuration method [dmvcframework]
2022-04-10 20:05:02:673  [TID      22340][INFO    ] << Custom configuration method [dmvcframework]
2022-04-10 20:05:02:673  [TID      22340][INFO    ] ENTER: LoadSystemControllers [dmvcframework]
2022-04-10 20:05:02:673  [TID      22340][INFO    ] EXIT: LoadSystemControllers [dmvcframework]
2022-04-10 20:05:09:339  [TID      22340][INFO    ] GET:/api/customers [0:0:0:0:0:0:0:1] -> Customer.Controller.TCustomerController.GetCustomers - 200 OK [dmvcframework]
2022-04-10 21:48:54:097  [TID      14308][INFO    ] Default Logger initialized [dmvcframework]
2022-04-10 21:48:54:097  [TID      14308][INFO    ] Server started on port 8081 [dmvcframework]
2022-04-10 21:48:55:871  [TID      14604][INFO    ] ENTER: Config default values [dmvcframework]
2022-04-10 21:48:55:871  [TID      14604][INFO    ] EXIT: Config default values [dmvcframework]
2022-04-10 21:48:55:871  [TID      14604][INFO    ] >> Custom configuration method [dmvcframework]
2022-04-10 21:48:55:871  [TID      14604][INFO    ] << Custom configuration method [dmvcframework]
2022-04-10 21:48:55:871  [TID      14604][INFO    ] ENTER: LoadSystemControllers [dmvcframework]
2022-04-10 21:48:55:871  [TID      14604][INFO    ] EXIT: LoadSystemControllers [dmvcframework]
2022-04-10 21:48:55:897  [TID      14604][INFO    ] GET:/api/customers [0:0:0:0:0:0:0:1] -> Customer.Controller.TCustomerController.GetCustomers - 200 OK [dmvcframework]
2022-04-10 21:59:28:772  [TID       8004][INFO    ] Default Logger initialized [dmvcframework]
2022-04-10 21:59:28:789  [TID       8004][INFO    ] Server started on port 8081 [dmvcframework]
2022-04-10 21:59:32:487  [TID      14240][INFO    ] ENTER: Config default values [dmvcframework]
2022-04-10 21:59:32:489  [TID      14240][INFO    ] EXIT: Config default values [dmvcframework]
2022-04-10 21:59:32:517  [TID      14240][INFO    ] >> Custom configuration method [dmvcframework]
2022-04-10 21:59:32:518  [TID      14240][INFO    ] << Custom configuration method [dmvcframework]
2022-04-10 21:59:32:523  [TID      14240][INFO    ] ENTER: LoadSystemControllers [dmvcframework]
2022-04-10 21:59:32:550  [TID      14240][INFO    ] EXIT: LoadSystemControllers [dmvcframework]
2022-04-10 21:59:46:004  [TID      14240][INFO    ] GET:/api/customers [0:0:0:0:0:0:0:1] -> Customer.Controller.TCustomerController.GetCustomers - 200 OK [dmvcframework]
2022-04-10 21:59:59:466  [TID      14240][ERROR   ] [EListError] Duplicates not allowed (Custom message: "Cannot create controller") [dmvcframework]
2022-04-10 22:00:00:963  [TID      14240][ERROR   ] [EMVCException] Cannot create controller (Custom message: "") [dmvcframework]
2022-04-10 22:00:16:480  [TID       3172][INFO    ] Default Logger initialized [dmvcframework]
2022-04-10 22:00:16:502  [TID       3172][INFO    ] Server started on port 8081 [dmvcframework]
2022-04-10 22:00:19:135  [TID      20256][INFO    ] ENTER: Config default values [dmvcframework]
2022-04-10 22:00:19:135  [TID      20256][INFO    ] EXIT: Config default values [dmvcframework]
2022-04-10 22:00:19:135  [TID      20256][INFO    ] >> Custom configuration method [dmvcframework]
2022-04-10 22:00:19:135  [TID      20256][INFO    ] << Custom configuration method [dmvcframework]
2022-04-10 22:00:19:135  [TID      20256][INFO    ] ENTER: LoadSystemControllers [dmvcframework]
2022-04-10 22:00:19:135  [TID      20256][INFO    ] EXIT: LoadSystemControllers [dmvcframework]
2022-04-10 22:00:19:152  [TID      20256][INFO    ] GET:/api/customers [0:0:0:0:0:0:0:1] -> Customer.Controller.TCustomerController.GetCustomers - 200 OK [dmvcframework]
2022-04-10 22:00:37:583  [TID      21868][INFO    ] Default Logger initialized [dmvcframework]
2022-04-10 22:00:37:583  [TID      21868][INFO    ] Server started on port 8081 [dmvcframework]
2022-04-10 22:00:43:249  [TID      17844][INFO    ] ENTER: Config default values [dmvcframework]
2022-04-10 22:00:43:249  [TID      17844][INFO    ] EXIT: Config default values [dmvcframework]
2022-04-10 22:00:43:249  [TID      17844][INFO    ] >> Custom configuration method [dmvcframework]
2022-04-10 22:00:43:249  [TID      17844][INFO    ] << Custom configuration method [dmvcframework]
2022-04-10 22:00:43:249  [TID      17844][INFO    ] ENTER: LoadSystemControllers [dmvcframework]
2022-04-10 22:00:43:249  [TID      17844][INFO    ] EXIT: LoadSystemControllers [dmvcframework]
2022-04-10 22:00:43:267  [TID      17844][INFO    ] GET:/api/customers [0:0:0:0:0:0:0:1] -> Customer.Controller.TCustomerController.GetCustomers - 200 OK [dmvcframework]
2022-04-10 22:01:37:110  [TID      17844][INFO    ] GET:/api/customer [0:0:0:0:0:0:0:1] -> {NOT FOUND} - 404 Not Found [dmvcframework]
2022-04-10 22:01:38:723  [TID      17844][ERROR   ] [EMVCException] Not Found (Custom message: "GET /api/customer") [dmvcframework]
2022-04-10 22:01:44:086  [TID      14116][INFO    ] Default Logger initialized [dmvcframework]
2022-04-10 22:01:44:103  [TID      14116][INFO    ] Server started on port 8081 [dmvcframework]
2022-04-10 22:01:47:250  [TID       3392][INFO    ] ENTER: Config default values [dmvcframework]
2022-04-10 22:01:47:250  [TID       3392][INFO    ] EXIT: Config default values [dmvcframework]
2022-04-10 22:01:47:250  [TID       3392][INFO    ] >> Custom configuration method [dmvcframework]
2022-04-10 22:01:47:250  [TID       3392][INFO    ] << Custom configuration method [dmvcframework]
2022-04-10 22:01:47:250  [TID       3392][INFO    ] ENTER: LoadSystemControllers [dmvcframework]
2022-04-10 22:01:47:250  [TID       3392][INFO    ] EXIT: LoadSystemControllers [dmvcframework]
2022-04-10 22:01:47:250  [TID       3392][INFO    ] GET:/api/customer [0:0:0:0:0:0:0:1] -> {NOT FOUND} - 404 Not Found [dmvcframework]
2022-04-10 22:01:49:171  [TID       3392][ERROR   ] [EMVCException] Not Found (Custom message: "GET /api/customer") [dmvcframework]
2022-04-10 22:02:09:079  [TID      21204][INFO    ] Default Logger initialized [dmvcframework]
2022-04-10 22:02:09:099  [TID      21204][INFO    ] Server started on port 8081 [dmvcframework]
2022-04-10 22:02:11:868  [TID       2176][INFO    ] ENTER: Config default values [dmvcframework]
2022-04-10 22:02:11:868  [TID       2176][INFO    ] EXIT: Config default values [dmvcframework]
2022-04-10 22:02:11:868  [TID       2176][INFO    ] >> Custom configuration method [dmvcframework]
2022-04-10 22:02:11:868  [TID       2176][INFO    ] << Custom configuration method [dmvcframework]
2022-04-10 22:02:11:868  [TID       2176][INFO    ] ENTER: LoadSystemControllers [dmvcframework]
2022-04-10 22:02:11:868  [TID       2176][INFO    ] EXIT: LoadSystemControllers [dmvcframework]
2022-04-10 22:02:11:869  [TID       2176][INFO    ] GET:/api/customer/id=1 [0:0:0:0:0:0:0:1] -> {NOT FOUND} - 404 Not Found [dmvcframework]
2022-04-10 22:02:13:639  [TID       2176][ERROR   ] [EMVCException] Not Found (Custom message: "GET /api/customer/id=1") [dmvcframework]
2022-04-10 22:02:26:442  [TID      21376][ERROR   ] [EMVCException] Invalid Integer value for param [id] - [CLASS: EConvertError][MSG: 'id=1' is not a valid integer value] (Custom message: "") [dmvcframework]
2022-04-10 22:02:31:754  [TID      18076][INFO    ] Default Logger initialized [dmvcframework]
2022-04-10 22:02:31:772  [TID      18076][INFO    ] Server started on port 8081 [dmvcframework]
2022-04-10 22:02:42:948  [TID       3164][INFO    ] ENTER: Config default values [dmvcframework]
2022-04-10 22:02:42:948  [TID       3164][INFO    ] EXIT: Config default values [dmvcframework]
2022-04-10 22:02:42:948  [TID       3164][INFO    ] >> Custom configuration method [dmvcframework]
2022-04-10 22:02:42:948  [TID       3164][INFO    ] << Custom configuration method [dmvcframework]
2022-04-10 22:02:42:948  [TID       3164][INFO    ] ENTER: LoadSystemControllers [dmvcframework]
2022-04-10 22:02:42:948  [TID       3164][INFO    ] EXIT: LoadSystemControllers [dmvcframework]
2022-04-10 22:02:42:949  [TID       3164][INFO    ] GET:/api/customers&id=1 [0:0:0:0:0:0:0:1] -> {NOT FOUND} - 404 Not Found [dmvcframework]
2022-04-10 22:02:44:622  [TID       3164][ERROR   ] [EMVCException] Not Found (Custom message: "GET /api/customers&id=1") [dmvcframework]
2022-04-10 22:02:50:157  [TID      22268][INFO    ] GET:/api/customers [0:0:0:0:0:0:0:1] -> Customer.Controller.TCustomerController.GetCustomers - 200 OK [dmvcframework]
2022-04-10 22:02:58:492  [TID       1828][INFO    ] Default Logger initialized [dmvcframework]
2022-04-10 22:02:58:513  [TID       1828][INFO    ] Server started on port 8081 [dmvcframework]
2022-04-10 22:03:25:897  [TID      15772][INFO    ] ENTER: Config default values [dmvcframework]
2022-04-10 22:03:25:897  [TID      15772][INFO    ] EXIT: Config default values [dmvcframework]
2022-04-10 22:03:25:897  [TID      15772][INFO    ] >> Custom configuration method [dmvcframework]
2022-04-10 22:03:25:897  [TID      15772][INFO    ] << Custom configuration method [dmvcframework]
2022-04-10 22:03:25:897  [TID      15772][INFO    ] ENTER: LoadSystemControllers [dmvcframework]
2022-04-10 22:03:25:897  [TID      15772][INFO    ] EXIT: LoadSystemControllers [dmvcframework]
2022-04-10 22:03:31:871  [TID      15772][ERROR   ] [EMVCException] Invalid Integer value for param [id] - [CLASS: EConvertError][MSG: '' is not a valid integer value] (Custom message: "") [dmvcframework]
2022-04-10 22:04:57:399  [TID      15772][ERROR   ] [EListError] Duplicates not allowed (Custom message: "Cannot create controller") [dmvcframework]
2022-04-10 22:04:58:393  [TID      15772][ERROR   ] [EMVCException] Cannot create controller (Custom message: "") [dmvcframework]
2022-04-10 22:05:02:489  [TID      21836][INFO    ] Default Logger initialized [dmvcframework]
2022-04-10 22:05:02:510  [TID      21836][INFO    ] Server started on port 8081 [dmvcframework]
2022-04-10 22:05:04:693  [TID       5364][INFO    ] ENTER: Config default values [dmvcframework]
2022-04-10 22:05:04:693  [TID       5364][INFO    ] EXIT: Config default values [dmvcframework]
2022-04-10 22:05:04:693  [TID       5364][INFO    ] >> Custom configuration method [dmvcframework]
2022-04-10 22:05:04:693  [TID       5364][INFO    ] << Custom configuration method [dmvcframework]
2022-04-10 22:05:04:693  [TID       5364][INFO    ] ENTER: LoadSystemControllers [dmvcframework]
2022-04-10 22:05:04:693  [TID       5364][INFO    ] EXIT: LoadSystemControllers [dmvcframework]
2022-04-10 22:05:08:258  [TID       5364][INFO    ] GET:/api/customers/2 [0:0:0:0:0:0:0:1] -> Customer.Controller.TCustomerController.GetCustomer - 200 OK [dmvcframework]
2022-04-10 22:08:26:562  [TID       7724][INFO    ] Default Logger initialized [dmvcframework]
2022-04-10 22:08:26:562  [TID       7724][INFO    ] Server started on port 8081 [dmvcframework]
2022-04-10 22:08:32:097  [TID      21592][INFO    ] ENTER: Config default values [dmvcframework]
2022-04-10 22:08:32:097  [TID      21592][INFO    ] EXIT: Config default values [dmvcframework]
2022-04-10 22:08:32:097  [TID      21592][INFO    ] >> Custom configuration method [dmvcframework]
2022-04-10 22:08:32:097  [TID      21592][INFO    ] << Custom configuration method [dmvcframework]
2022-04-10 22:08:32:097  [TID      21592][INFO    ] ENTER: LoadSystemControllers [dmvcframework]
2022-04-10 22:08:32:097  [TID      21592][INFO    ] EXIT: LoadSystemControllers [dmvcframework]
2022-04-10 22:08:34:994  [TID      21592][ERROR   ] [EMVCException] Invalid Integer value for param [id] - [CLASS: EConvertError][MSG: '' is not a valid integer value] (Custom message: "") [dmvcframework]
2022-04-10 22:08:39:923  [TID      21592][ERROR   ] [EListError] Duplicates not allowed (Custom message: "Cannot create controller") [dmvcframework]
2022-04-10 22:08:40:618  [TID      21592][ERROR   ] [EMVCException] Cannot create controller (Custom message: "") [dmvcframework]
2022-04-10 22:08:43:661  [TID      11352][INFO    ] Default Logger initialized [dmvcframework]
2022-04-10 22:08:43:685  [TID      11352][INFO    ] Server started on port 8081 [dmvcframework]
2022-04-10 22:08:45:685  [TID      19984][INFO    ] ENTER: Config default values [dmvcframework]
2022-04-10 22:08:45:685  [TID      19984][INFO    ] EXIT: Config default values [dmvcframework]
2022-04-10 22:08:45:685  [TID      19984][INFO    ] >> Custom configuration method [dmvcframework]
2022-04-10 22:08:45:685  [TID      19984][INFO    ] << Custom configuration method [dmvcframework]
2022-04-10 22:08:45:685  [TID      19984][INFO    ] ENTER: LoadSystemControllers [dmvcframework]
2022-04-10 22:08:45:685  [TID      19984][INFO    ] EXIT: LoadSystemControllers [dmvcframework]
2022-04-10 22:08:45:706  [TID      19984][INFO    ] GET:/api/customers [0:0:0:0:0:0:0:1] -> Customer.Controller.TCustomerController.GetCustomers - 200 OK [dmvcframework]
2022-04-10 22:10:11:582  [TID      19984][ERROR   ] [EListError] Duplicates not allowed (Custom message: "Cannot create controller") [dmvcframework]
2022-04-10 22:10:12:371  [TID      19984][ERROR   ] [EMVCException] Cannot create controller (Custom message: "") [dmvcframework]
2022-04-10 22:10:16:507  [TID      21400][INFO    ] Default Logger initialized [dmvcframework]
2022-04-10 22:10:16:525  [TID      21400][INFO    ] Server started on port 8081 [dmvcframework]
2022-04-10 22:10:18:584  [TID      10052][INFO    ] ENTER: Config default values [dmvcframework]
2022-04-10 22:10:18:584  [TID      10052][INFO    ] EXIT: Config default values [dmvcframework]
2022-04-10 22:10:18:584  [TID      10052][INFO    ] >> Custom configuration method [dmvcframework]
2022-04-10 22:10:18:584  [TID      10052][INFO    ] << Custom configuration method [dmvcframework]
2022-04-10 22:10:18:584  [TID      10052][INFO    ] ENTER: LoadSystemControllers [dmvcframework]
2022-04-10 22:10:18:584  [TID      10052][INFO    ] EXIT: LoadSystemControllers [dmvcframework]
2022-04-10 22:10:18:601  [TID      10052][INFO    ] POST:/api/customers [0:0:0:0:0:0:0:1] -> Customer.Controller.TCustomerController.CreateCustomer - 200 OK [dmvcframework]
2022-04-10 22:10:26:620  [TID      10052][ERROR   ] [EListError] Duplicates not allowed (Custom message: "Cannot create controller") [dmvcframework]
2022-04-10 22:10:27:269  [TID      10052][ERROR   ] [EMVCException] Cannot create controller (Custom message: "") [dmvcframework]
2022-04-10 22:12:11:497  [TID       5928][INFO    ] Default Logger initialized [dmvcframework]
2022-04-10 22:12:11:497  [TID       5928][INFO    ] Server started on port 8081 [dmvcframework]
2022-04-10 22:12:24:818  [TID       3204][INFO    ] ENTER: Config default values [dmvcframework]
2022-04-10 22:12:24:818  [TID       3204][INFO    ] EXIT: Config default values [dmvcframework]
2022-04-10 22:12:24:818  [TID       3204][INFO    ] >> Custom configuration method [dmvcframework]
2022-04-10 22:12:24:818  [TID       3204][INFO    ] << Custom configuration method [dmvcframework]
2022-04-10 22:12:24:818  [TID       3204][INFO    ] ENTER: LoadSystemControllers [dmvcframework]
2022-04-10 22:12:24:818  [TID       3204][INFO    ] EXIT: LoadSystemControllers [dmvcframework]
2022-04-10 22:12:28:483  [TID       3204][ERROR   ] [EInvalidPointer] Invalid pointer operation (Custom message: "Global Action Exception Handler") [dmvcframework]
2022-04-10 22:12:49:266  [TID       3204][ERROR   ] [EListError] Duplicates not allowed (Custom message: "Cannot create controller") [dmvcframework]
2022-04-10 22:12:50:130  [TID       3204][ERROR   ] [EMVCException] Cannot create controller (Custom message: "") [dmvcframework]
2022-04-10 22:13:19:495  [TID       8884][INFO    ] Default Logger initialized [dmvcframework]
2022-04-10 22:13:19:518  [TID       8884][INFO    ] Server started on port 8081 [dmvcframework]
2022-04-10 22:13:22:151  [TID       1768][INFO    ] ENTER: Config default values [dmvcframework]
2022-04-10 22:13:22:151  [TID       1768][INFO    ] EXIT: Config default values [dmvcframework]
2022-04-10 22:13:22:151  [TID       1768][INFO    ] >> Custom configuration method [dmvcframework]
2022-04-10 22:13:22:151  [TID       1768][INFO    ] << Custom configuration method [dmvcframework]
2022-04-10 22:13:22:151  [TID       1768][INFO    ] ENTER: LoadSystemControllers [dmvcframework]
2022-04-10 22:13:22:151  [TID       1768][INFO    ] EXIT: LoadSystemControllers [dmvcframework]
2022-04-10 22:13:51:923  [TID       1768][ERROR   ] [EInvalidPointer] Invalid pointer operation (Custom message: "Global Action Exception Handler") [dmvcframework]
2022-04-10 22:14:05:203  [TID      22824][INFO    ] Default Logger initialized [dmvcframework]
2022-04-10 22:14:05:218  [TID      22824][INFO    ] Server started on port 8081 [dmvcframework]
2022-04-10 22:14:06:200  [TID      22812][INFO    ] ENTER: Config default values [dmvcframework]
2022-04-10 22:14:06:200  [TID      22812][INFO    ] EXIT: Config default values [dmvcframework]
2022-04-10 22:14:06:200  [TID      22812][INFO    ] >> Custom configuration method [dmvcframework]
2022-04-10 22:14:06:200  [TID      22812][INFO    ] << Custom configuration method [dmvcframework]
2022-04-10 22:14:06:200  [TID      22812][INFO    ] ENTER: LoadSystemControllers [dmvcframework]
2022-04-10 22:14:06:200  [TID      22812][INFO    ] EXIT: LoadSystemControllers [dmvcframework]
2022-04-10 22:14:13:869  [TID      22812][ERROR   ] [EInvalidPointer] Invalid pointer operation (Custom message: "Global Action Exception Handler") [dmvcframework]
2022-04-10 22:24:27:686  [TID      18220][INFO    ] Default Logger initialized [dmvcframework]
2022-04-10 22:24:27:703  [TID      18220][INFO    ] Server started on port 8081 [dmvcframework]
2022-04-10 22:30:57:694  [TID      13268][INFO    ] ENTER: Config default values [dmvcframework]
2022-04-10 22:30:57:694  [TID      13268][INFO    ] EXIT: Config default values [dmvcframework]
2022-04-10 22:30:57:694  [TID      13268][INFO    ] >> Custom configuration method [dmvcframework]
2022-04-10 22:30:57:694  [TID      13268][INFO    ] << Custom configuration method [dmvcframework]
2022-04-10 22:30:57:695  [TID      13268][INFO    ] ENTER: LoadSystemControllers [dmvcframework]
2022-04-10 22:30:57:695  [TID      13268][INFO    ] EXIT: LoadSystemControllers [dmvcframework]
2022-04-10 22:30:57:740  [TID      13268][INFO    ] GET:/api/customers/52 [0:0:0:0:0:0:0:1] -> Customer.Controller.TCustomerController.GetCustomer - 200 OK [dmvcframework]
2022-04-10 22:31:09:040  [TID       2716][INFO    ] Default Logger initialized [dmvcframework]
2022-04-10 22:31:09:061  [TID       2716][INFO    ] Server started on port 8081 [dmvcframework]
2022-04-10 22:31:19:296  [TID       3404][INFO    ] ENTER: Config default values [dmvcframework]
2022-04-10 22:31:19:296  [TID       3404][INFO    ] EXIT: Config default values [dmvcframework]
2022-04-10 22:31:19:296  [TID       3404][INFO    ] >> Custom configuration method [dmvcframework]
2022-04-10 22:31:19:296  [TID       3404][INFO    ] << Custom configuration method [dmvcframework]
2022-04-10 22:31:19:297  [TID       3404][INFO    ] ENTER: LoadSystemControllers [dmvcframework]
2022-04-10 22:31:19:297  [TID       3404][INFO    ] EXIT: LoadSystemControllers [dmvcframework]
2022-04-10 22:31:19:318  [TID       3404][INFO    ] PUT:/api/customers/52 [0:0:0:0:0:0:0:1] -> Customer.Controller.TCustomerController.UpdateCustomer - 200 OK [dmvcframework]
2022-04-10 22:31:24:948  [TID       4260][INFO    ] Default Logger initialized [dmvcframework]
2022-04-10 22:31:24:948  [TID       4260][INFO    ] Server started on port 8081 [dmvcframework]
2022-04-10 22:31:29:767  [TID      22444][INFO    ] ENTER: Config default values [dmvcframework]
2022-04-10 22:31:29:767  [TID      22444][INFO    ] EXIT: Config default values [dmvcframework]
2022-04-10 22:31:29:767  [TID      22444][INFO    ] >> Custom configuration method [dmvcframework]
2022-04-10 22:31:29:767  [TID      22444][INFO    ] << Custom configuration method [dmvcframework]
2022-04-10 22:31:29:767  [TID      22444][INFO    ] ENTER: LoadSystemControllers [dmvcframework]
2022-04-10 22:31:29:767  [TID      22444][INFO    ] EXIT: LoadSystemControllers [dmvcframework]
2022-04-10 22:31:29:772  [TID      22444][INFO    ] GET:/api/customers/52 [0:0:0:0:0:0:0:1] -> Customer.Controller.TCustomerController.GetCustomer - 200 OK [dmvcframework]
2022-04-10 22:38:54:087  [TID      21632][INFO    ] Default Logger initialized [dmvcframework]
2022-04-10 22:38:54:104  [TID      21632][INFO    ] Server started on port 8081 [dmvcframework]
2022-04-10 22:39:02:482  [TID       7852][INFO    ] ENTER: Config default values [dmvcframework]
2022-04-10 22:39:02:482  [TID       7852][INFO    ] EXIT: Config default values [dmvcframework]
2022-04-10 22:39:02:482  [TID       7852][INFO    ] >> Custom configuration method [dmvcframework]
2022-04-10 22:39:02:482  [TID       7852][INFO    ] << Custom configuration method [dmvcframework]
2022-04-10 22:39:02:482  [TID       7852][INFO    ] ENTER: LoadSystemControllers [dmvcframework]
2022-04-10 22:39:02:482  [TID       7852][INFO    ] EXIT: LoadSystemControllers [dmvcframework]
2022-04-10 22:39:02:533  [TID       7852][INFO    ] DELETE:/api/customers/52 [0:0:0:0:0:0:0:1] -> Customer.Controller.TCustomerController.DeleteCustomer - 200 OK [dmvcframework]
