2022-04-12 18:42:27:730  [TID       8360][INFO    ] Default Logger initialized [dmvcframework]
2022-04-12 18:42:27:730  [TID       8360][INFO    ] Server started on port 8081 [dmvcframework]
2022-04-12 18:42:45:946  [TID        648][INFO    ] ENTER: Config default values [dmvcframework]
2022-04-12 18:42:45:946  [TID        648][INFO    ] EXIT: Config default values [dmvcframework]
2022-04-12 18:42:45:946  [TID        648][INFO    ] >> Custom configuration method [dmvcframework]
2022-04-12 18:42:45:946  [TID        648][INFO    ] << Custom configuration method [dmvcframework]
2022-04-12 18:42:45:946  [TID        648][INFO    ] ENTER: LoadSystemControllers [dmvcframework]
2022-04-12 18:42:45:946  [TID        648][INFO    ] EXIT: LoadSystemControllers [dmvcframework]
2022-04-12 18:45:38:493  [TID       8036][INFO    ] Default Logger initialized [dmvcframework]
2022-04-12 18:45:38:493  [TID       8036][INFO    ] Server started on port 8081 [dmvcframework]
2022-04-12 18:45:58:481  [TID       7900][INFO    ] ENTER: Config default values [dmvcframework]
2022-04-12 18:45:58:481  [TID       7900][INFO    ] EXIT: Config default values [dmvcframework]
2022-04-12 18:45:58:481  [TID       7900][INFO    ] >> Custom configuration method [dmvcframework]
2022-04-12 18:45:58:481  [TID       7900][INFO    ] << Custom configuration method [dmvcframework]
2022-04-12 18:45:58:481  [TID       7900][INFO    ] ENTER: LoadSystemControllers [dmvcframework]
2022-04-12 18:45:58:481  [TID       7900][INFO    ] EXIT: LoadSystemControllers [dmvcframework]
2022-04-12 18:45:58:528  [TID       6568][INFO    ] ENTER: Config default values [dmvcframework]
2022-04-12 18:45:58:528  [TID       6568][INFO    ] EXIT: Config default values [dmvcframework]
2022-04-12 18:45:58:530  [TID       6568][INFO    ] >> Custom configuration method [dmvcframework]
2022-04-12 18:45:58:576  [TID       6568][INFO    ] << Custom configuration method [dmvcframework]
2022-04-12 18:45:58:576  [TID       6568][INFO    ] ENTER: LoadSystemControllers [dmvcframework]
2022-04-12 18:45:58:594  [TID       6568][INFO    ] EXIT: LoadSystemControllers [dmvcframework]
2022-04-12 18:45:58:594  [TID       7780][INFO    ] ENTER: Config default values [dmvcframework]
2022-04-12 18:45:58:594  [TID       7780][INFO    ] EXIT: Config default values [dmvcframework]
2022-04-12 18:45:58:594  [TID       7780][INFO    ] >> Custom configuration method [dmvcframework]
2022-04-12 18:45:58:595  [TID       7780][INFO    ] << Custom configuration method [dmvcframework]
2022-04-12 18:45:58:595  [TID       7780][INFO    ] ENTER: LoadSystemControllers [dmvcframework]
2022-04-12 18:45:58:595  [TID       7780][INFO    ] EXIT: LoadSystemControllers [dmvcframework]
2022-04-12 18:47:00:481  [TID       1576][INFO    ] Default Logger initialized [dmvcframework]
2022-04-12 18:47:00:481  [TID       1576][INFO    ] Server started on port 8081 [dmvcframework]
2022-04-12 18:47:04:039  [TID       7448][INFO    ] ENTER: Config default values [dmvcframework]
2022-04-12 18:47:04:039  [TID       7448][INFO    ] EXIT: Config default values [dmvcframework]
2022-04-12 18:47:04:039  [TID       7448][INFO    ] >> Custom configuration method [dmvcframework]
2022-04-12 18:47:04:039  [TID       7448][INFO    ] << Custom configuration method [dmvcframework]
2022-04-18 15:40:12:474  [TID      13316][INFO    ] Default Logger initialized [dmvcframework]
2022-04-18 15:40:12:492  [TID      13316][INFO    ] Server started on port 8081 [dmvcframework]
2022-04-18 15:41:43:001  [TID       7436][INFO    ] ENTER: Config default values [dmvcframework]
2022-04-18 15:41:43:001  [TID       7436][INFO    ] EXIT: Config default values [dmvcframework]
2022-04-18 15:41:43:002  [TID       7436][INFO    ] >> Custom configuration method [dmvcframework]
2022-04-18 15:41:43:002  [TID       7436][INFO    ] << Custom configuration method [dmvcframework]
2022-04-18 15:41:49:145  [TID       7436][ERROR   ] [EMVCDeserializationException] Body ContentType "" not supported (Custom message: "") [dmvcframework]
2022-04-18 22:00:34:907  [TID      23344][INFO    ] Default Logger initialized [dmvcframework]
2022-04-18 22:00:34:929  [TID      23344][INFO    ] Server started on port 8081 [dmvcframework]
2022-04-18 22:01:28:343  [TID      17476][INFO    ] ENTER: Config default values [dmvcframework]
2022-04-18 22:01:28:343  [TID      17476][INFO    ] EXIT: Config default values [dmvcframework]
2022-04-18 22:01:28:343  [TID      17476][INFO    ] >> Custom configuration method [dmvcframework]
2022-04-18 22:01:28:343  [TID      17476][INFO    ] << Custom configuration method [dmvcframework]
2022-04-18 22:01:41:435  [TID      17476][ERROR   ] [EMVCDeserializationException] Body ContentType "" not supported (Custom message: "") [dmvcframework]
2022-04-18 22:03:15:398  [TID      17476][ERROR   ] [EListError] Duplicates not allowed (Custom message: "Cannot create controller") [dmvcframework]
2022-04-18 22:03:17:319  [TID      17476][ERROR   ] [EMVCException] Cannot create controller (Custom message: "") [dmvcframework]
2022-04-18 22:03:20:837  [TID      19468][INFO    ] Default Logger initialized [dmvcframework]
2022-04-18 22:03:20:837  [TID      19468][INFO    ] Server started on port 8081 [dmvcframework]
2022-04-18 22:03:24:403  [TID       2624][INFO    ] ENTER: Config default values [dmvcframework]
2022-04-18 22:03:24:403  [TID       2624][INFO    ] EXIT: Config default values [dmvcframework]
2022-04-18 22:03:24:403  [TID       2624][INFO    ] >> Custom configuration method [dmvcframework]
2022-04-18 22:03:24:403  [TID       2624][INFO    ] << Custom configuration method [dmvcframework]
2022-04-18 22:03:24:417  [TID       2624][ERROR   ] [EMVCDeserializationException] Body ContentType "" not supported (Custom message: "") [dmvcframework]
2022-04-18 22:03:43:171  [TID      13420][INFO    ] Default Logger initialized [dmvcframework]
2022-04-18 22:03:43:191  [TID      13420][INFO    ] Server started on port 8081 [dmvcframework]
2022-04-18 22:03:47:663  [TID       8072][INFO    ] ENTER: Config default values [dmvcframework]
2022-04-18 22:03:47:663  [TID       8072][INFO    ] EXIT: Config default values [dmvcframework]
2022-04-18 22:03:47:663  [TID       8072][INFO    ] >> Custom configuration method [dmvcframework]
2022-04-18 22:03:47:663  [TID       8072][INFO    ] << Custom configuration method [dmvcframework]
2022-04-18 22:04:18:999  [TID       8072][ERROR   ] [EMVCDeserializationException] Body ContentType "" not supported (Custom message: "") [dmvcframework]
2022-04-18 22:05:34:592  [TID       8072][INFO    ] POST:/api/customers-array [0:0:0:0:0:0:0:1] -> {NOT FOUND} - 404 Not Found [dmvcframework]
2022-04-18 22:05:37:677  [TID       8072][ERROR   ] [EMVCException] Not Found (Custom message: "POST /api/customers-array") [dmvcframework]
2022-04-18 22:05:56:147  [TID      20184][INFO    ] Default Logger initialized [dmvcframework]
2022-04-18 22:05:56:170  [TID      20184][INFO    ] Server started on port 8081 [dmvcframework]
2022-04-18 22:05:59:852  [TID      10208][INFO    ] ENTER: Config default values [dmvcframework]
2022-04-18 22:05:59:852  [TID      10208][INFO    ] EXIT: Config default values [dmvcframework]
2022-04-18 22:05:59:852  [TID      10208][INFO    ] >> Custom configuration method [dmvcframework]
2022-04-18 22:05:59:852  [TID      10208][INFO    ] << Custom configuration method [dmvcframework]
2022-04-18 22:06:17:984  [TID      10208][INFO    ] POST:/api/customers-array [0:0:0:0:0:0:0:1] -> Customer.Controller.TCustomerController.GetCustomerArray - 200 OK [dmvcframework]
2022-04-18 22:06:53:027  [TID       2504][INFO    ] Default Logger initialized [dmvcframework]
2022-04-18 22:06:53:027  [TID       2504][INFO    ] Server started on port 8081 [dmvcframework]
2022-04-18 22:06:56:896  [TID      22088][INFO    ] ENTER: Config default values [dmvcframework]
2022-04-18 22:06:56:896  [TID      22088][INFO    ] EXIT: Config default values [dmvcframework]
2022-04-18 22:06:56:896  [TID      22088][INFO    ] >> Custom configuration method [dmvcframework]
2022-04-18 22:06:56:896  [TID      22088][INFO    ] << Custom configuration method [dmvcframework]
2022-04-18 22:07:01:829  [TID      22088][ERROR   ] [EAccessViolation] Access violation at address 00619848 in module 'prjAPI.exe'. Read of address 00000008 (Custom message: "Global Action Exception Handler") [dmvcframework]
2022-04-18 22:07:29:457  [TID       1188][INFO    ] Default Logger initialized [dmvcframework]
2022-04-18 22:07:29:479  [TID       1188][INFO    ] Server started on port 8081 [dmvcframework]
2022-04-18 22:07:34:608  [TID      18604][INFO    ] ENTER: Config default values [dmvcframework]
2022-04-18 22:07:34:609  [TID      18604][INFO    ] EXIT: Config default values [dmvcframework]
2022-04-18 22:07:34:609  [TID      18604][INFO    ] >> Custom configuration method [dmvcframework]
2022-04-18 22:07:34:609  [TID      18604][INFO    ] << Custom configuration method [dmvcframework]
2022-04-18 22:08:11:340  [TID      13292][INFO    ] Default Logger initialized [dmvcframework]
2022-04-18 22:08:11:362  [TID      13292][INFO    ] Server started on port 8081 [dmvcframework]
2022-04-18 22:08:28:755  [TID       6392][INFO    ] ENTER: Config default values [dmvcframework]
2022-04-18 22:08:28:755  [TID       6392][INFO    ] EXIT: Config default values [dmvcframework]
2022-04-18 22:08:28:755  [TID       6392][INFO    ] >> Custom configuration method [dmvcframework]
2022-04-18 22:08:28:755  [TID       6392][INFO    ] << Custom configuration method [dmvcframework]
2022-04-18 22:08:35:778  [TID       6392][ERROR   ] [EAccessViolation] Access violation at address 00619848 in module 'prjAPI.exe'. Read of address 00000008 (Custom message: "Global Action Exception Handler") [dmvcframework]
2022-04-18 22:08:45:738  [TID      21392][INFO    ] Default Logger initialized [dmvcframework]
2022-04-18 22:08:45:759  [TID      21392][INFO    ] Server started on port 8081 [dmvcframework]
2022-04-18 22:08:48:808  [TID      13888][INFO    ] ENTER: Config default values [dmvcframework]
2022-04-18 22:08:48:808  [TID      13888][INFO    ] EXIT: Config default values [dmvcframework]
2022-04-18 22:08:48:808  [TID      13888][INFO    ] >> Custom configuration method [dmvcframework]
2022-04-18 22:08:48:808  [TID      13888][INFO    ] << Custom configuration method [dmvcframework]
2022-04-18 22:08:51:102  [TID      13888][INFO    ] POST:/api/customers-array [0:0:0:0:0:0:0:1] -> Customer.Controller.TCustomerController.GetCustomerArray - 200 OK [dmvcframework]
2022-04-18 22:09:05:100  [TID      13888][ERROR   ] [EListError] Duplicates not allowed (Custom message: "Cannot create controller") [dmvcframework]
2022-04-18 22:09:08:969  [TID      13888][ERROR   ] [EMVCException] Cannot create controller (Custom message: "") [dmvcframework]
2022-04-18 22:09:24:621  [TID      22636][INFO    ] Default Logger initialized [dmvcframework]
2022-04-18 22:09:24:643  [TID      22636][INFO    ] Server started on port 8081 [dmvcframework]
2022-04-18 22:09:28:623  [TID      11260][INFO    ] ENTER: Config default values [dmvcframework]
2022-04-18 22:09:28:623  [TID      11260][INFO    ] EXIT: Config default values [dmvcframework]
2022-04-18 22:09:28:623  [TID      11260][INFO    ] >> Custom configuration method [dmvcframework]
2022-04-18 22:09:28:623  [TID      11260][INFO    ] << Custom configuration method [dmvcframework]
2022-04-18 22:10:03:545  [TID      11260][ERROR   ] [EJsonCastException] Cannot cast Array into Object (Custom message: "Global Action Exception Handler") [dmvcframework]
2022-04-18 22:12:04:719  [TID      22612][INFO    ] Default Logger initialized [dmvcframework]
2022-04-18 22:12:04:740  [TID      22612][INFO    ] Server started on port 8081 [dmvcframework]
2022-04-18 22:12:08:957  [TID       6416][INFO    ] ENTER: Config default values [dmvcframework]
2022-04-18 22:12:08:957  [TID       6416][INFO    ] EXIT: Config default values [dmvcframework]
2022-04-18 22:12:08:957  [TID       6416][INFO    ] >> Custom configuration method [dmvcframework]
2022-04-18 22:12:08:957  [TID       6416][INFO    ] << Custom configuration method [dmvcframework]
2022-04-18 22:15:53:703  [TID      20432][INFO    ] Default Logger initialized [dmvcframework]
2022-04-18 22:15:53:723  [TID      20432][INFO    ] Server started on port 8081 [dmvcframework]
2022-04-18 22:15:56:806  [TID      23392][INFO    ] ENTER: Config default values [dmvcframework]
2022-04-18 22:15:56:806  [TID      23392][INFO    ] EXIT: Config default values [dmvcframework]
2022-04-18 22:15:56:806  [TID      23392][INFO    ] >> Custom configuration method [dmvcframework]
2022-04-18 22:15:56:806  [TID      23392][INFO    ] << Custom configuration method [dmvcframework]
2022-04-18 22:18:20:713  [TID      12480][INFO    ] Default Logger initialized [dmvcframework]
2022-04-18 22:18:20:713  [TID      12480][INFO    ] Server started on port 8081 [dmvcframework]
2022-04-18 22:18:26:676  [TID       3284][INFO    ] ENTER: Config default values [dmvcframework]
2022-04-18 22:18:26:677  [TID       3284][INFO    ] EXIT: Config default values [dmvcframework]
2022-04-18 22:18:26:677  [TID       3284][INFO    ] >> Custom configuration method [dmvcframework]
2022-04-18 22:18:26:677  [TID       3284][INFO    ] << Custom configuration method [dmvcframework]
2022-04-18 22:18:48:183  [TID       3284][ERROR   ] [Exception] Cannot find RTTI for System.Generics.Collections.TObjectList<System.JSON.TJSONArray>. Hint: Is the specified classtype linked in the module? (Custom message: "Global Action Exception Handler") [dmvcframework]
2022-04-18 22:27:30:114  [TID       6400][INFO    ] Default Logger initialized [dmvcframework]
2022-04-18 22:27:30:142  [TID       6400][INFO    ] Server started on port 8081 [dmvcframework]
2022-04-18 22:27:33:855  [TID      19956][INFO    ] ENTER: Config default values [dmvcframework]
2022-04-18 22:27:33:855  [TID      19956][INFO    ] EXIT: Config default values [dmvcframework]
2022-04-18 22:27:33:855  [TID      19956][INFO    ] >> Custom configuration method [dmvcframework]
2022-04-18 22:27:33:855  [TID      19956][INFO    ] << Custom configuration method [dmvcframework]
2022-04-18 22:27:38:239  [TID      19956][INFO    ] POST:/api/customers-array [0:0:0:0:0:0:0:1] -> Customer.Controller.TCustomerController.GetCustomerArray - 1  [dmvcframework]
2022-04-18 22:28:20:204  [TID      19956][ERROR   ] [EListError] Duplicates not allowed (Custom message: "Cannot create controller") [dmvcframework]
2022-04-18 22:28:21:070  [TID      19956][ERROR   ] [EMVCException] Cannot create controller (Custom message: "") [dmvcframework]
2022-04-18 22:28:28:981  [TID      22668][INFO    ] Default Logger initialized [dmvcframework]
2022-04-18 22:28:29:006  [TID      22668][INFO    ] Server started on port 8081 [dmvcframework]
2022-04-18 22:28:34:190  [TID      18864][INFO    ] ENTER: Config default values [dmvcframework]
2022-04-18 22:28:34:190  [TID      18864][INFO    ] EXIT: Config default values [dmvcframework]
2022-04-18 22:28:34:190  [TID      18864][INFO    ] >> Custom configuration method [dmvcframework]
2022-04-18 22:28:34:190  [TID      18864][INFO    ] << Custom configuration method [dmvcframework]
2022-04-18 22:29:01:849  [TID      18864][INFO    ] POST:/api/customers-array [0:0:0:0:0:0:0:1] -> Customer.Controller.TCustomerController.GetCustomerArray - 1  [dmvcframework]
2022-04-18 22:33:25:587  [TID      11880][INFO    ] Default Logger initialized [dmvcframework]
2022-04-18 22:33:25:614  [TID      11880][INFO    ] Server started on port 8081 [dmvcframework]
2022-04-18 22:33:30:521  [TID      13484][INFO    ] ENTER: Config default values [dmvcframework]
2022-04-18 22:33:30:521  [TID      13484][INFO    ] EXIT: Config default values [dmvcframework]
2022-04-18 22:33:30:521  [TID      13484][INFO    ] >> Custom configuration method [dmvcframework]
2022-04-18 22:33:30:521  [TID      13484][INFO    ] << Custom configuration method [dmvcframework]
2022-04-18 22:33:34:533  [TID      13484][INFO    ] POST:/api/customers-array [0:0:0:0:0:0:0:1] -> Customer.Controller.TCustomerController.GetCustomerArray - 2  [dmvcframework]
2022-04-18 22:39:15:104  [TID      21424][INFO    ] Default Logger initialized [dmvcframework]
2022-04-18 22:39:15:127  [TID      21424][INFO    ] Server started on port 8081 [dmvcframework]
2022-04-18 22:39:19:223  [TID      21692][INFO    ] ENTER: Config default values [dmvcframework]
2022-04-18 22:39:19:223  [TID      21692][INFO    ] EXIT: Config default values [dmvcframework]
2022-04-18 22:39:19:223  [TID      21692][INFO    ] >> Custom configuration method [dmvcframework]
2022-04-18 22:39:19:223  [TID      21692][INFO    ] << Custom configuration method [dmvcframework]
2022-04-18 22:39:19:240  [TID      21692][INFO    ] POST:/api/customers-array [0:0:0:0:0:0:0:1] -> Customer.Controller.TCustomerController.GetCustomerArray - 200 OK [dmvcframework]
2022-04-18 22:41:08:095  [TID       7584][INFO    ] Default Logger initialized [dmvcframework]
2022-04-18 22:41:08:095  [TID       7584][INFO    ] Server started on port 8081 [dmvcframework]
2022-04-18 22:41:12:759  [TID      19716][INFO    ] ENTER: Config default values [dmvcframework]
2022-04-18 22:41:12:759  [TID      19716][INFO    ] EXIT: Config default values [dmvcframework]
2022-04-18 22:41:12:759  [TID      19716][INFO    ] >> Custom configuration method [dmvcframework]
2022-04-18 22:41:12:759  [TID      19716][INFO    ] << Custom configuration method [dmvcframework]
2022-04-18 22:41:49:991  [TID       3936][INFO    ] Default Logger initialized [dmvcframework]
2022-04-18 22:41:50:035  [TID       3936][INFO    ] Server started on port 8081 [dmvcframework]
2022-04-18 22:41:52:481  [TID       2452][INFO    ] ENTER: Config default values [dmvcframework]
2022-04-18 22:41:52:481  [TID       2452][INFO    ] EXIT: Config default values [dmvcframework]
2022-04-18 22:41:52:481  [TID       2452][INFO    ] >> Custom configuration method [dmvcframework]
2022-04-18 22:41:52:481  [TID       2452][INFO    ] << Custom configuration method [dmvcframework]
2022-04-18 22:42:04:426  [TID       2452][INFO    ] POST:/api/customers-array [0:0:0:0:0:0:0:1] -> Customer.Controller.TCustomerController.GetCustomerArray - 200 OK [dmvcframework]
2022-04-18 22:43:42:176  [TID      22480][INFO    ] Default Logger initialized [dmvcframework]
2022-04-18 22:43:42:197  [TID      22480][INFO    ] Server started on port 8081 [dmvcframework]
2022-04-18 22:43:49:171  [TID       1560][INFO    ] ENTER: Config default values [dmvcframework]
2022-04-18 22:43:49:171  [TID       1560][INFO    ] EXIT: Config default values [dmvcframework]
2022-04-18 22:43:49:171  [TID       1560][INFO    ] >> Custom configuration method [dmvcframework]
2022-04-18 22:43:49:171  [TID       1560][INFO    ] << Custom configuration method [dmvcframework]
2022-04-18 22:44:01:234  [TID       1560][INFO    ] POST:/api/customers-array [0:0:0:0:0:0:0:1] -> Customer.Controller.TCustomerController.GetCustomerArray - 200 OK [dmvcframework]
2022-04-18 23:09:09:859  [TID      19268][INFO    ] Default Logger initialized [dmvcframework]
2022-04-18 23:09:09:884  [TID      19268][INFO    ] Server started on port 8081 [dmvcframework]
2022-04-18 23:09:14:187  [TID       4488][INFO    ] ENTER: Config default values [dmvcframework]
2022-04-18 23:09:14:187  [TID       4488][INFO    ] EXIT: Config default values [dmvcframework]
2022-04-18 23:09:14:187  [TID       4488][INFO    ] >> Custom configuration method [dmvcframework]
2022-04-18 23:09:14:187  [TID       4488][INFO    ] << Custom configuration method [dmvcframework]
2022-04-18 23:09:14:208  [TID       4488][INFO    ] POST:/api/customers-array [0:0:0:0:0:0:0:1] -> Customer.Controller.TCustomerController.GetCustomerArray - 200 OK [dmvcframework]
2022-04-19 22:46:44:173  [TID       4496][INFO    ] Default Logger initialized [dmvcframework]
2022-04-19 22:46:44:189  [TID       4496][INFO    ] Server started on port 8081 [dmvcframework]
2022-04-19 22:48:54:542  [TID       6084][INFO    ] ENTER: Config default values [dmvcframework]
2022-04-19 22:48:54:542  [TID       6084][INFO    ] EXIT: Config default values [dmvcframework]
2022-04-19 22:48:54:542  [TID       6084][INFO    ] >> Custom configuration method [dmvcframework]
2022-04-19 22:48:54:542  [TID       6084][INFO    ] << Custom configuration method [dmvcframework]
2022-04-19 22:49:05:590  [TID       6084][ERROR   ] [EMVCDeserializationException] Body ContentType "" not supported [PathInfo "GET /api/customers-array"] (Custom message: "") [dmvcframework]
2022-04-19 22:58:28:985  [TID       9700][INFO    ] Default Logger initialized [dmvcframework]
2022-04-19 22:58:28:985  [TID       9700][INFO    ] Server started on port 8081 [dmvcframework]
2022-04-19 22:58:39:750  [TID       5716][INFO    ] ENTER: Config default values [dmvcframework]
2022-04-19 22:58:39:750  [TID       5716][INFO    ] EXIT: Config default values [dmvcframework]
2022-04-19 22:58:39:750  [TID       5716][INFO    ] >> Custom configuration method [dmvcframework]
2022-04-19 22:58:39:751  [TID       5716][INFO    ] << Custom configuration method [dmvcframework]
2022-04-19 22:58:45:661  [TID       5716][ERROR   ] [EMVCDeserializationException] Body ContentType "" not supported [PathInfo "GET /api/customers-array"] (Custom message: "") [dmvcframework]
2022-04-19 23:01:34:842  [TID      10676][INFO    ] Default Logger initialized [dmvcframework]
2022-04-19 23:01:34:871  [TID      10676][INFO    ] Server started on port 8081 [dmvcframework]
2022-04-19 23:01:53:574  [TID       4940][INFO    ] ENTER: Config default values [dmvcframework]
2022-04-19 23:01:53:574  [TID       4940][INFO    ] EXIT: Config default values [dmvcframework]
2022-04-19 23:01:53:574  [TID       4940][INFO    ] >> Custom configuration method [dmvcframework]
2022-04-19 23:01:53:574  [TID       4940][INFO    ] << Custom configuration method [dmvcframework]
2022-04-19 23:02:10:655  [TID       4940][ERROR   ] [EMVCDeserializationException] Body ContentType "" not supported [PathInfo "GET /api/customers-array"] (Custom message: "") [dmvcframework]
2022-04-19 23:03:15:454  [TID       7800][INFO    ] Default Logger initialized [dmvcframework]
2022-04-19 23:03:15:470  [TID       7800][INFO    ] Server started on port 8081 [dmvcframework]
2022-04-19 23:03:23:605  [TID      10908][INFO    ] ENTER: Config default values [dmvcframework]
2022-04-19 23:03:23:605  [TID      10908][INFO    ] EXIT: Config default values [dmvcframework]
2022-04-19 23:03:23:605  [TID      10908][INFO    ] >> Custom configuration method [dmvcframework]
2022-04-19 23:03:23:605  [TID      10908][INFO    ] << Custom configuration method [dmvcframework]
2022-04-19 23:03:42:045  [TID      10908][ERROR   ] [EMVCDeserializationException] Body ContentType "" not supported [PathInfo "GET /api/customers-array"] (Custom message: "") [dmvcframework]
2022-04-19 23:10:23:637  [TID       5236][INFO    ] Default Logger initialized [dmvcframework]
2022-04-19 23:10:23:659  [TID       5236][INFO    ] Server started on port 8081 [dmvcframework]
2022-04-19 23:10:32:702  [TID       1156][INFO    ] ENTER: Config default values [dmvcframework]
2022-04-19 23:10:32:702  [TID       1156][INFO    ] EXIT: Config default values [dmvcframework]
2022-04-19 23:10:32:702  [TID       1156][INFO    ] >> Custom configuration method [dmvcframework]
2022-04-19 23:10:32:702  [TID       1156][INFO    ] << Custom configuration method [dmvcframework]
2022-04-19 23:10:49:414  [TID       1156][ERROR   ] [EMVCDeserializationException] Body ContentType "" not supported [PathInfo "GET /api/customers-array"] (Custom message: "") [dmvcframework]
2022-04-19 23:11:31:795  [TID       1156][INFO    ] POST:/api/customers-array [0:0:0:0:0:0:0:1] -> {NOT FOUND} - 404 Not Found [dmvcframework]
2022-04-19 23:11:38:327  [TID       1156][ERROR   ] [EMVCException] Not Found [PathInfo "POST /api/customers-array"] (Custom message: "POST /api/customers-array") [dmvcframework]
2022-04-19 23:11:56:535  [TID      10868][INFO    ] Default Logger initialized [dmvcframework]
2022-04-19 23:11:56:553  [TID      10868][INFO    ] Server started on port 8081 [dmvcframework]
2022-04-19 23:11:58:925  [TID       8312][INFO    ] ENTER: Config default values [dmvcframework]
2022-04-19 23:11:58:925  [TID       8312][INFO    ] EXIT: Config default values [dmvcframework]
2022-04-19 23:11:58:925  [TID       8312][INFO    ] >> Custom configuration method [dmvcframework]
2022-04-19 23:11:58:925  [TID       8312][INFO    ] << Custom configuration method [dmvcframework]
2022-04-19 23:12:07:864  [TID       8312][INFO    ] POST:/api/customers-array [0:0:0:0:0:0:0:1] -> Customer.Controller.TCustomerController.GetCustomerArray - 200 OK [dmvcframework]
2022-04-19 23:30:51:559  [TID       8380][INFO    ] Default Logger initialized [dmvcframework]
2022-04-19 23:30:51:575  [TID       8380][INFO    ] Server started on port 8081 [dmvcframework]
2022-04-19 23:30:55:751  [TID       6568][INFO    ] ENTER: Config default values [dmvcframework]
2022-04-19 23:30:55:751  [TID       6568][INFO    ] EXIT: Config default values [dmvcframework]
2022-04-19 23:30:55:757  [TID       6568][INFO    ] >> Custom configuration method [dmvcframework]
2022-04-19 23:30:55:763  [TID       6568][INFO    ] << Custom configuration method [dmvcframework]
2022-04-19 23:30:57:519  [TID       6568][INFO    ] POST:/api/customers-array [0:0:0:0:0:0:0:1] -> Customer.Controller.TCustomerController.GetCustomerArray - 200 OK [dmvcframework]
